




arguments: C:\\/work/tabfloater/companion/build/tabfloater-companion.exe C:/work/tabfloater/companion/build/manifest_firefox_dev.json tabfloater@tabfloater.io
Current dir: C:\work\tabfloater\extension
File verbosity level: 9
date       time         ( uptime  ) [ thread name/id ]                   file:line     v| 
2021-09-12 14:54:26.636 (   0.005s) [main thread     ]             loguru.cpp:790   INFO| Logging to 'C:\work\tabfloater\extension\tabfloater-companion.log', mode: 'a', verbosity: 9
2021-09-12 14:54:26.636 (   0.005s) [main thread     ]tabfloater_companion.cp:60    INFO| TabFloater Companion started. Version: 1.2.0-dev, OS: Windows, Git commit: fcaba29669eaa4c49e4ec8aea1721e894a8991a1
2021-09-12 14:54:26.636 (   0.005s) [main thread     ]tabfloater_companion.cp:221   INFO| Input JSON: "{"action":"ping","debug":"true"}"
2021-09-12 14:54:26.636 (   0.005s) [main thread     ]tabfloater_companion.cp:222   INFO| Action: "ping"
2021-09-12 14:54:26.636 (   0.005s) [main thread     ]tabfloater_companion.cp:148   INFO| Sending JSON: "{"status":"ok","version":"1.2.0-dev","os":"Windows","logfile":"C:\\work\\tabfloater\\extension\\tabfloater-companion.log"}", length: 122
2021-09-12 14:54:26.645 (   0.008s) [main thread     ]             loguru.cpp:490   INFO| atexit





arguments: C:\\/work/tabfloater/companion/build/tabfloater-companion.exe C:/work/tabfloater/companion/build/manifest_firefox_dev.json tabfloater@tabfloater.io
Current dir: C:\work\tabfloater\extension
File verbosity level: 9
date       time         ( uptime  ) [ thread name/id ]                   file:line     v| 
2021-09-12 14:54:42.250 (   0.006s) [main thread     ]             loguru.cpp:790   INFO| Logging to 'C:\work\tabfloater\extension\tabfloater-companion.log', mode: 'a', verbosity: 9
2021-09-12 14:54:42.254 (   0.006s) [main thread     ]tabfloater_companion.cp:60    INFO| TabFloater Companion started. Version: 1.2.0-dev, OS: Windows, Git commit: fcaba29669eaa4c49e4ec8aea1721e894a8991a1
2021-09-12 14:54:42.254 (   0.006s) [main thread     ]tabfloater_companion.cp:221   INFO| Input JSON: "{"action":"setAsModelessDialog","windowTitle":"One of the Most Iconic Photos of American Workers is Not What It Seems — Mozilla Firefox","parentWindowTitle":"Index","debug":"true"}"
2021-09-12 14:54:42.254 (   0.006s) [main thread     ]tabfloater_companion.cp:222   INFO| Action: "setAsModelessDialog"
2021-09-12 14:54:42.255 (   0.007s) [main thread     ]tabfloater_companion.cp:231   INFO| Window title: "One of the Most Iconic Photos of American Workers is Not What It Seems — Mozilla Firefox"
2021-09-12 14:54:42.256 (   0.008s) [main thread     ]tabfloater_companion.cp:240   INFO| Parent window title: "Index"
2021-09-12 14:54:42.257 (   0.009s) [main thread     ]windowhandler_windows.c:34    INFO| Window found: 132048
2021-09-12 14:54:42.257 (   0.009s) [main thread     ]windowhandler_windows.c:34    INFO| Window found: 721764
2021-09-12 14:54:42.280 (   0.032s) [main thread     ]tabfloater_companion.cp:148   INFO| Sending JSON: "{"status":"ok"}", length: 15
2021-09-12 14:54:42.285 (   0.036s) [main thread     ]             loguru.cpp:490   INFO| atexit





arguments: C:\\/work/tabfloater/companion/build/tabfloater-companion.exe C:/work/tabfloater/companion/build/manifest_firefox_dev.json tabfloater@tabfloater.io
Current dir: C:\work\tabfloater\extension
File verbosity level: 9
date       time         ( uptime  ) [ thread name/id ]                   file:line     v| 
2021-09-12 14:54:54.546 (   0.004s) [main thread     ]             loguru.cpp:790   INFO| Logging to 'C:\work\tabfloater\extension\tabfloater-companion.log', mode: 'a', verbosity: 9
2021-09-12 14:54:54.546 (   0.004s) [main thread     ]tabfloater_companion.cp:60    INFO| TabFloater Companion started. Version: 1.2.0-dev, OS: Windows, Git commit: fcaba29669eaa4c49e4ec8aea1721e894a8991a1
2021-09-12 14:54:54.546 (   0.004s) [main thread     ]tabfloater_companion.cp:221   INFO| Input JSON: "{"action":"ping","debug":"true"}"
2021-09-12 14:54:54.546 (   0.004s) [main thread     ]tabfloater_companion.cp:222   INFO| Action: "ping"
2021-09-12 14:54:54.546 (   0.004s) [main thread     ]tabfloater_companion.cp:148   INFO| Sending JSON: "{"status":"ok","version":"1.2.0-dev","os":"Windows","logfile":"C:\\work\\tabfloater\\extension\\tabfloater-companion.log"}", length: 122
2021-09-12 14:54:54.546 (   0.007s) [main thread     ]             loguru.cpp:490   INFO| atexit
